<?xml version="1.0" encoding="UTF-8"?>
<!-- Generated by org.testng.reporters.JUnitXMLReporter -->
<testsuite hostname="LAPTOP-TJKKK52O" ignored="1" name="Default test" tests="1" failures="0" timestamp="2021-05-13T19:37:32 IST" time="2.246" errors="0">
  <testcase name="validate_ArrayResponse" time="2.172" classname="com.test.rest.TestMockingAPI"/>
  <testcase name="validate_Amount" time="0.0" classname="com.test.rest.TestMockingAPI">
    <ignored/>
  </testcase> <!-- validate_Amount -->
</testsuite> <!-- Default test -->
