<?xml version="1.0" encoding="UTF-8"?>
<!-- Generated by org.testng.reporters.JUnitXMLReporter -->
<testsuite hostname="LAPTOP-TJKKK52O" ignored="1" name="Default test" tests="1" failures="0" timestamp="2021-05-13T21:15:40 IST" time="7.652" errors="0">
  <testcase name="validate_ArrayResponse" time="7.582" classname="com.test.rest.TestMockingAPI"/>
  <testcase name="validate_Amount" time="0.0" classname="com.test.rest.TestMockingAPI">
    <ignored/>
  </testcase> <!-- validate_Amount -->
</testsuite> <!-- Default test -->
