<?xml version="1.0" encoding="UTF-8"?>
<testng-results skipped="0" failed="0" ignored="0" total="1" passed="1">
  <reporter-output>
  </reporter-output>
  <suite name="Default suite" duration-ms="5211" started-at="2021-05-22T21:51:29 IST" finished-at="2021-05-22T21:51:34 IST">
    <groups>
    </groups>
    <test name="Default test" duration-ms="5211" started-at="2021-05-22T21:51:29 IST" finished-at="2021-05-22T21:51:34 IST">
      <class name="com.test.rest.GetPlaceAPI">
        <test-method status="PASS" signature="before_Test()[pri:0, instance:com.test.rest.GetPlaceAPI@d44fc21]" name="before_Test" is-config="true" duration-ms="607" started-at="2021-05-22T21:51:29 IST" finished-at="2021-05-22T21:51:30 IST">
          <reporter-output>
          </reporter-output>
        </test-method> <!-- before_Test -->
        <test-method status="PASS" signature="get_Place()[pri:0, instance:com.test.rest.GetPlaceAPI@d44fc21]" name="get_Place" duration-ms="4563" started-at="2021-05-22T21:51:30 IST" finished-at="2021-05-22T21:51:34 IST">
          <reporter-output>
          </reporter-output>
        </test-method> <!-- get_Place -->
      </class> <!-- com.test.rest.GetPlaceAPI -->
    </test> <!-- Default test -->
  </suite> <!-- Default suite -->
</testng-results>
