<?xml version="1.0" encoding="UTF-8"?>
<testng-results skipped="0" failed="0" ignored="1" total="2" passed="1">
  <reporter-output>
  </reporter-output>
  <suite name="Default suite" duration-ms="2246" started-at="2021-05-13T19:37:30 IST" finished-at="2021-05-13T19:37:32 IST">
    <groups>
    </groups>
    <test name="Default test" duration-ms="2246" started-at="2021-05-13T19:37:30 IST" finished-at="2021-05-13T19:37:32 IST">
      <class name="com.test.rest.TestMockingAPI">
        <test-method status="PASS" signature="validate_ArrayResponse()[pri:0, instance:com.test.rest.TestMockingAPI@131276c2]" name="validate_ArrayResponse" duration-ms="2172" started-at="2021-05-13T19:37:30 IST" finished-at="2021-05-13T19:37:32 IST">
          <reporter-output>
          </reporter-output>
        </test-method> <!-- validate_ArrayResponse -->
      </class> <!-- com.test.rest.TestMockingAPI -->
    </test> <!-- Default test -->
  </suite> <!-- Default suite -->
</testng-results>
